nohup: ignoring input
diamond v2.1.9.163 (C) Max Planck Society for the Advancement of Science, Benjamin Buchfink, University of Tuebingen
Documentation, support and updates available at http://www.diamondsearch.org
Please cite: http://dx.doi.org/10.1038/s41592-021-01101-x Nature Methods (2021)

#CPU threads: 30
Scoring parameters: (Matrix=BLOSUM62 Lambda=0.267 K=0.041 Penalties=11/1)
Temporary directory: 
#Target sequences to report alignments for: 25
Opening the database... diamond v2.1.9.163 (C) Max Planck Society for the Advancement of Science, Benjamin Buchfink, University of Tuebingen
Documentation, support and updates available at http://www.diamondsearch.org
Please cite: http://dx.doi.org/10.1038/s41592-021-01101-x Nature Methods (2021)

#CPU threads: 30
Scoring parameters: (Matrix=BLOSUM62 Lambda=0.267 K=0.041 Penalties=11/1)
Temporary directory: 
#Target sequences to report alignments for: 25
Opening the database... diamond v2.1.9.163 (C) Max Planck Society for the Advancement of Science, Benjamin Buchfink, University of Tuebingen
Documentation, support and updates available at http://www.diamondsearch.org
Please cite: http://dx.doi.org/10.1038/s41592-021-01101-x Nature Methods (2021)

#CPU threads: 30
Scoring parameters: (Matrix=BLOSUM62 Lambda=0.267 K=0.041 Penalties=11/1)
Temporary directory: 
#Target sequences to report alignments for: 25
Opening the database...  [0.141s]
Database: /data/xuebo/cucumber/database/AHRD/TAIR10/araprot10.dmnd (type: Diamond database, sequences: 35386, letters: 14482855)
Block size = 2000000000
Opening the input file...  [0.031s]
Opening the output file...  [0s]
Loading query sequences...  [0.251s]
Database: /data/xuebo/cucumber/database/AHRD/uniprot/uniprot_trembl.dmnd (type: Diamond database, sequences: 219174961, letters: 75271144009)
Block size = 2000000000
Opening the input file...  [0.023s]
Opening the output file...  [0s]
Loading query sequences...  [0.267s]
Database: /data/xuebo/cucumber/database/AHRD/uniprot/uniprot_sprot.dmnd (type: Diamond database, sequences: 568363, letters: 205318884)
Block size = 2000000000
Opening the input file...  [0.007s]
Opening the output file...  [0s]
Loading query sequences...  [0.131s]
Algorithm: Double-indexed
Building query histograms...  [0.114s]
 [0.131s]
Building query seed set... Algorithm: Double-indexed
Building query histograms...  [0.343s]
Seeking in database...  [0s]
Loading reference sequences...  [0.077s]
Initializing temporary storage...  [0s]
Building reference histograms...  [0.343s]
Seeking in database...  [0s]
Loading reference sequences...  [0.418s]
Allocating buffers...  [0.001s]
Processing query block 1, reference block 1/1, shape 1/16, index chunk 1/4.
Building reference seed array...  [0.06s]
Building query seed array...  [0.032s]
Computing hash join...  [0.022s]
Masking low complexity seeds...  [0.027s]
Searching alignments...  [0.517s]
Deallocating memory...  [0s]
Processing query block 1, reference block 1/1, shape 1/16, index chunk 2/4.
Building reference seed array...  [0.049s]
Building query seed array...  [0.053s]
Computing hash join...  [0.023s]
Masking low complexity seeds...  [1.206s]
Initializing temporary storage...  [0s]
Building reference histograms...  [0.027s]
Searching alignments...  [0.174s]
Deallocating memory...  [0s]
Processing query block 1, reference block 1/1, shape 1/16, index chunk 3/4.
Building reference seed array...  [0.079s]
Building query seed array...  [0.043s]
Computing hash join...  [0.03s]
Masking low complexity seeds...  [0.031s]
Searching alignments...  [0.147s]
Deallocating memory...  [0s]
Processing query block 1, reference block 1/1, shape 1/16, index chunk 4/4.
Building reference seed array...  [0.064s]
Building query seed array...  [0.043s]
Computing hash join...  [0.031s]
Masking low complexity seeds...  [0.027s]
Searching alignments...  [0.188s]
Deallocating memory...  [0s]
Processing query block 1, reference block 1/1, shape 2/16, index chunk 1/4.
Building reference seed array...  [0.071s]
Building query seed array...  [0.043s]
Computing hash join...  [0.031s]
Masking low complexity seeds...  [0.027s]
Searching alignments...  [0.147s]
Deallocating memory...  [0s]
Processing query block 1, reference block 1/1, shape 2/16, index chunk 2/4.
Building reference seed array...  [0.069s]
Building query seed array...  [0.056s]
Computing hash join...  [0.026s]
Masking low complexity seeds...  [0.027s]
Searching alignments...  [0.122s]
Deallocating memory...  [0s]
Processing query block 1, reference block 1/1, shape 2/16, index chunk 3/4.
Building reference seed array...  [0.068s]
Building query seed array...  [0.047s]
Computing hash join...  [0.029s]
Masking low complexity seeds...  [0.027s]
Searching alignments...  [0.123s]
Deallocating memory...  [0s]
Processing query block 1, reference block 1/1, shape 2/16, index chunk 4/4.
Building reference seed array...  [0.056s]
Building query seed array...  [0.039s]
Computing hash join...  [0.043s]
Masking low complexity seeds...  [0.027s]
Searching alignments...  [0.126s]
Deallocating memory...  [0s]
Processing query block 1, reference block 1/1, shape 3/16, index chunk 1/4.
Building reference seed array...  [0.073s]
Building query seed array...  [0.04s]
Computing hash join...  [0.027s]
Masking low complexity seeds...  [0.031s]
Searching alignments...  [0.174s]
Deallocating memory...  [0s]
Processing query block 1, reference block 1/1, shape 3/16, index chunk 2/4.
Building reference seed array...  [0.073s]
Building query seed array...  [0.059s]
Computing hash join...  [0.046s]
Masking low complexity seeds...  [0.027s]
Searching alignments...  [0.177s]
Deallocating memory...  [0s]
Processing query block 1, reference block 1/1, shape 3/16, index chunk 3/4.
Building reference seed array...  [0.064s]
Building query seed array...  [0.039s]
Computing hash join...  [0.034s]
Masking low complexity seeds...  [0.023s]
Searching alignments...  [0.134s]
Deallocating memory...  [0s]
Processing query block 1, reference block 1/1, shape 3/16, index chunk 4/4.
Building reference seed array...  [0.065s]
Building query seed array...  [0.035s]
Computing hash join...  [0.051s]
Masking low complexity seeds...  [0.027s]
Searching alignments...  [0.12s]
Deallocating memory...  [0s]
Processing query block 1, reference block 1/1, shape 4/16, index chunk 1/4.
Building reference seed array...  [0.083s]
Building query seed array...  [0.043s]
Computing hash join...  [0.031s]
Masking low complexity seeds...  [0.031s]
Searching alignments...  [0.154s]
Deallocating memory...  [0s]
Processing query block 1, reference block 1/1, shape 4/16, index chunk 2/4.
Building reference seed array...  [0.066s]
Building query seed array...  [0.039s]
Computing hash join...  [0.03s]
Masking low complexity seeds...  [0.023s]
Searching alignments...  [0.167s]
Deallocating memory...  [0s]
Processing query block 1, reference block 1/1, shape 4/16, index chunk 3/4.
Building reference seed array...  [0.07s]
Building query seed array...  [0.041s]
Computing hash join...  [0.031s]
Masking low complexity seeds...  [0.031s]
Searching alignments...  [0.123s]
Deallocating memory...  [0s]
Processing query block 1, reference block 1/1, shape 4/16, index chunk 4/4.
Building reference seed array...  [0.056s]
Building query seed array...  [0.041s]
Computing hash join...  [0.022s]
Masking low complexity seeds...  [0.031s]
Searching alignments...  [0.143s]
Deallocating memory...  [0s]
Processing query block 1, reference block 1/1, shape 5/16, index chunk 1/4.
Building reference seed array...  [0.055s]
Building query seed array...  [0.032s]
Computing hash join...  [0.03s]
Masking low complexity seeds...  [0.028s]
Searching alignments...  [0.126s]
Deallocating memory...  [0s]
Processing query block 1, reference block 1/1, shape 5/16, index chunk 2/4.
Building reference seed array...  [0.062s]
Building query seed array...  [0.035s]
Computing hash join...  [0.023s]
Masking low complexity seeds...  [0.031s]
Searching alignments...  [0.126s]
Deallocating memory...  [0s]
Processing query block 1, reference block 1/1, shape 5/16, index chunk 3/4.
Building reference seed array...  [0.043s]
Building query seed array...  [0.035s]
Computing hash join...  [0.022s]
Masking low complexity seeds...  [0.015s]
Searching alignments...  [5.459s]
Allocating buffers...  [0.002s]
Processing query block 1, reference block 1/1, shape 1/16, index chunk 1/4.
Building reference seed array...  [0.142s]
Deallocating memory...  [0s]
Processing query block 1, reference block 1/1, shape 5/16, index chunk 4/4.
Building reference seed array...  [0.068s]
Building query seed array...  [0.047s]
Computing hash join...  [0.032s]
Masking low complexity seeds...  [0.031s]
Searching alignments...  [0.123s]
Deallocating memory...  [0s]
Processing query block 1, reference block 1/1, shape 6/16, index chunk 1/4.
Building reference seed array...  [0.058s]
Building query seed array...  [0.033s]
Computing hash join...  [0.027s]
Masking low complexity seeds...  [0.481s]
Building query seed array...  [0.015s]
Searching alignments...  [0.056s]
Computing hash join...  [0.124s]
Deallocating memory...  [0s]
Processing query block 1, reference block 1/1, shape 6/16, index chunk 2/4.
Building reference seed array...  [0.061s]
Building query seed array...  [0.051s]
Computing hash join...  [0.026s]
Masking low complexity seeds...  [0.018s]
Searching alignments...  [0.305s]
Masking low complexity seeds...  [0.015s]
Searching alignments...  [0.135s]
Deallocating memory...  [0s]
Processing query block 1, reference block 1/1, shape 6/16, index chunk 3/4.
Building reference seed array...  [0.065s]
Building query seed array...  [0.039s]
Computing hash join...  [0.05s]
Masking low complexity seeds...  [0.027s]
Searching alignments...  [0.363s]
Deallocating memory...  [0s]
Processing query block 1, reference block 1/1, shape 1/16, index chunk 2/4.
Building reference seed array...  [0.148s]
Deallocating memory...  [0s]
Processing query block 1, reference block 1/1, shape 6/16, index chunk 4/4.
Building reference seed array...  [0.059s]
Building query seed array...  [0.048s]
Computing hash join...  [0.031s]
Masking low complexity seeds...  [0.035s]
Searching alignments...  [0.195s]
Deallocating memory...  [0s]
Processing query block 1, reference block 1/1, shape 7/16, index chunk 1/4.
Building reference seed array...  [0.052s]
Building query seed array...  [0.467s]
Building query seed array...  [0.035s]
Computing hash join...  [0.042s]
Computing hash join...  [0.031s]
Masking low complexity seeds...  [0.031s]
Searching alignments...  [0.108s]
Masking low complexity seeds...  [0.023s]
Searching alignments...  [0.113s]
Deallocating memory...  [0s]
Processing query block 1, reference block 1/1, shape 7/16, index chunk 2/4.
Building reference seed array...  [0.062s]
Building query seed array...  [0.041s]
Computing hash join...  [0.049s]
Masking low complexity seeds...  [0.031s]
Searching alignments...  [0.11s]
Deallocating memory...  [0s]
Processing query block 1, reference block 1/1, shape 7/16, index chunk 3/4.
Building reference seed array...  [0.318s]
Deallocating memory...  [0s]
Processing query block 1, reference block 1/1, shape 1/16, index chunk 3/4.
Building reference seed array...  [0.067s]
Building query seed array...  [0.042s]
Computing hash join...  [0.029s]
Masking low complexity seeds...  [0.027s]
Searching alignments...  [0.129s]
Deallocating memory...  [0s]
Processing query block 1, reference block 1/1, shape 7/16, index chunk 4/4.
Building reference seed array...  [0.053s]
Building query seed array...  [0.036s]
Computing hash join...  [0.039s]
Masking low complexity seeds...  [0.014s]
Searching alignments...  [0.488s]
Building query seed array...  [0.053s]
Computing hash join...  [0.114s]
Deallocating memory...  [0s]
Processing query block 1, reference block 1/1, shape 8/16, index chunk 1/4.
Building reference seed array...  [0.062s]
Building query seed array...  [0.083s]
Masking low complexity seeds...  [0.03s]
Searching alignments...  [0.044s]
Computing hash join...  [0.039s]
Masking low complexity seeds...  [0.027s]
Searching alignments...  [0.135s]
Deallocating memory...  [0s]
Processing query block 1, reference block 1/1, shape 8/16, index chunk 2/4.
Building reference seed array...  [0.068s]
Building query seed array...  [0.304s]
Deallocating memory...  [0s]
Processing query block 1, reference block 1/1, shape 1/16, index chunk 4/4.
Building reference seed array...  [0.04s]
Computing hash join...  [0.037s]
Masking low complexity seeds...  [0.027s]
Searching alignments...  [0.182s]
Deallocating memory...  [0s]
Processing query block 1, reference block 1/1, shape 8/16, index chunk 3/4.
Building reference seed array...  [0.058s]
Building query seed array...  [0.041s]
Computing hash join...  [0.027s]
Masking low complexity seeds...  [0.015s]
Searching alignments...  [0.097s]
Deallocating memory...  [0s]
Processing query block 1, reference block 1/1, shape 8/16, index chunk 4/4.
Building reference seed array...  [0.504s]
Building query seed array...  [0.045s]
Computing hash join...  [0.054s]
Building query seed array...  [0.055s]
Computing hash join...  [0.083s]
Masking low complexity seeds...  [0.024s]
Masking low complexity seeds...  [0.02s]
Searching alignments...  [0.023s]
Searching alignments...  [0.167s]
Deallocating memory...  [0s]
Processing query block 1, reference block 1/1, shape 9/16, index chunk 1/4.
Building reference seed array...  [0.059s]
Building query seed array...  [0.04s]
Computing hash join...  [0.023s]
Masking low complexity seeds...  [0.019s]
Searching alignments...  [0.356s]
Deallocating memory...  [0s]
Processing query block 1, reference block 1/1, shape 2/16, index chunk 1/4.
Building reference seed array...  [0.11s]
Deallocating memory...  [0s]
Processing query block 1, reference block 1/1, shape 9/16, index chunk 2/4.
Building reference seed array...  [0.061s]
Building query seed array...  [0.045s]
Computing hash join...  [0.024s]
Masking low complexity seeds...  [0.035s]
Searching alignments...  [0.11s]
Deallocating memory...  [0s]
Processing query block 1, reference block 1/1, shape 9/16, index chunk 3/4.
Building reference seed array...  [0.062s]
Building query seed array...  [0.035s]
Computing hash join...  [0.464s]
Building query seed array...  [0.025s]
Masking low complexity seeds...  [0.039s]
Computing hash join...  [0.031s]
Searching alignments...  [0.111s]
Masking low complexity seeds...  [0.031s]
Searching alignments...  [0.158s]
Deallocating memory...  [0s]
Processing query block 1, reference block 1/1, shape 9/16, index chunk 4/4.
Building reference seed array...  [0.06s]
Building query seed array...  [0.04s]
Computing hash join...  [0.027s]
Masking low complexity seeds...  [0.027s]
Searching alignments...  [0.297s]
Deallocating memory...  [0s]
Processing query block 1, reference block 1/1, shape 2/16, index chunk 2/4.
Building reference seed array...  [0.123s]
Deallocating memory...  [0s]
Processing query block 1, reference block 1/1, shape 10/16, index chunk 1/4.
Building reference seed array...  [0.067s]
Building query seed array...  [0.04s]
Computing hash join...  [0.047s]
Masking low complexity seeds...  [0.031s]
Searching alignments...  [0.12s]
Deallocating memory...  [0s]
Processing query block 1, reference block 1/1, shape 10/16, index chunk 2/4.
Building reference seed array...  [0.079s]
Building query seed array...  [0.035s]
Computing hash join...  [0.023s]
Masking low complexity seeds...  [0.45s]
Building query seed array...  [0.027s]
Searching alignments...  [0.044s]
Computing hash join...  [0.108s]
Deallocating memory...  [0s]
Processing query block 1, reference block 1/1, shape 10/16, index chunk 3/4.
Building reference seed array...  [0.094s]
Masking low complexity seeds...  [0.036s]
Searching alignments...  [0.061s]
Building query seed array...  [0.048s]
Computing hash join...  [0.028s]
Masking low complexity seeds...  [0.027s]
Searching alignments...  [0.116s]
Deallocating memory...  [0s]
Processing query block 1, reference block 1/1, shape 10/16, index chunk 4/4.
Building reference seed array...  [0.045s]
Building query seed array...  [0.308s]
Deallocating memory...  [0s]
Processing query block 1, reference block 1/1, shape 2/16, index chunk 3/4.
Building reference seed array...  [0.032s]
Computing hash join...  [0.022s]
Masking low complexity seeds...  [0.036s]
Searching alignments...  [0.108s]
Deallocating memory...  [0s]
Processing query block 1, reference block 1/1, shape 11/16, index chunk 1/4.
Building reference seed array...  [0.064s]
Building query seed array...  [0.036s]
Computing hash join...  [0.039s]
Masking low complexity seeds...  [0.027s]
Searching alignments...  [0.115s]
Deallocating memory...  [0s]
Processing query block 1, reference block 1/1, shape 11/16, index chunk 2/4.
Building reference seed array...  [0.486s]
Building query seed array...  [0.038s]
Computing hash join...  [0.062s]
Building query seed array...  [0.04s]
Computing hash join...  [0.025s]
Masking low complexity seeds...  [0.082s]
Masking low complexity seeds...  [0.015s]
Searching alignments...  [0.024s]
Searching alignments...  [0.115s]
Deallocating memory...  [0s]
Processing query block 1, reference block 1/1, shape 11/16, index chunk 3/4.
Building reference seed array...  [0.068s]
Building query seed array...  [0.049s]
Computing hash join...  [0.031s]
Masking low complexity seeds...  [0.015s]
Searching alignments...  [0.314s]
Deallocating memory...  [0s]
Processing query block 1, reference block 1/1, shape 2/16, index chunk 4/4.
Building reference seed array...  [0.122s]
Deallocating memory...  [0s]
Processing query block 1, reference block 1/1, shape 11/16, index chunk 4/4.
Building reference seed array...  [0.067s]
Building query seed array...  [0.04s]
Computing hash join...  [0.027s]
Masking low complexity seeds...  [0.027s]
Searching alignments...  [0.146s]
Deallocating memory...  [0s]
Processing query block 1, reference block 1/1, shape 12/16, index chunk 1/4.
Building reference seed array...  [0.035s]
Building query seed array...  [0.467s]
Building query seed array...  [0.031s]
Computing hash join...  [0.019s]
Masking low complexity seeds...  [0.038s]
Computing hash join...  [0.019s]
Searching alignments...  [0.085s]
Masking low complexity seeds...  [0.03s]
Searching alignments...  [0.117s]
Deallocating memory...  [0s]
Processing query block 1, reference block 1/1, shape 12/16, index chunk 2/4.
Building reference seed array...  [0.072s]
Building query seed array...  [0.039s]
Computing hash join...  [0.031s]
Masking low complexity seeds...  [0.031s]
Searching alignments...  [0.28s]
Deallocating memory...  [0s]
Processing query block 1, reference block 1/1, shape 3/16, index chunk 1/4.
Building reference seed array...  [0.091s]
Deallocating memory...  [0s]
Processing query block 1, reference block 1/1, shape 12/16, index chunk 3/4.
Building reference seed array...  [0.071s]
Building query seed array...  [0.045s]
Computing hash join...  [0.031s]
Masking low complexity seeds...  [0.027s]
Searching alignments...  [0.177s]
Deallocating memory...  [0s]
Processing query block 1, reference block 1/1, shape 12/16, index chunk 4/4.
Building reference seed array...  [0.044s]
Building query seed array...  [0.034s]
Computing hash join...  [0.024s]
Masking low complexity seeds...  [0.474s]
Building query seed array...  [0.019s]
Searching alignments...  [0.035s]
Computing hash join...  [0.095s]
Masking low complexity seeds...  [0.019s]
Searching alignments...  [0.14s]
Deallocating memory...  [0s]
Processing query block 1, reference block 1/1, shape 13/16, index chunk 1/4.
Building reference seed array...  [0.064s]
Building query seed array...  [0.052s]
Computing hash join...  [0.031s]
Masking low complexity seeds...  [0.023s]
Searching alignments...  [0.125s]
Deallocating memory...  [0s]
Processing query block 1, reference block 1/1, shape 13/16, index chunk 2/4.
Building reference seed array...  [0.037s]
Building query seed array...  [0.353s]
Deallocating memory...  [0s]
Processing query block 1, reference block 1/1, shape 3/16, index chunk 2/4.
Building reference seed array...  [0.044s]
Computing hash join...  [0.029s]
Masking low complexity seeds...  [0.023s]
Searching alignments...  [0.126s]
Deallocating memory...  [0s]
Processing query block 1, reference block 1/1, shape 13/16, index chunk 3/4.
Building reference seed array...  [0.059s]
Building query seed array...  [0.053s]
Computing hash join...  [0.022s]
Masking low complexity seeds...  [0.031s]
Searching alignments...  [0.098s]
Deallocating memory...  [0s]
Processing query block 1, reference block 1/1, shape 13/16, index chunk 4/4.
Building reference seed array...  [0.035s]
Building query seed array...  [0.52s]
Building query seed array...  [0.035s]
Computing hash join...  [0.04s]
Computing hash join...  [0.035s]
Masking low complexity seeds...  [0.039s]
Searching alignments...  [0.085s]
Masking low complexity seeds...  [0.029s]
Searching alignments...  [0.139s]
Deallocating memory...  [0s]
Processing query block 1, reference block 1/1, shape 14/16, index chunk 1/4.
Building reference seed array...  [0.061s]
Building query seed array...  [0.055s]
Computing hash join...  [0.027s]
Masking low complexity seeds...  [0.027s]
Searching alignments...  [0.29s]
Deallocating memory...  [0s]
Processing query block 1, reference block 1/1, shape 3/16, index chunk 3/4.
Building reference seed array...  [0.126s]
Deallocating memory...  [0s]
Processing query block 1, reference block 1/1, shape 14/16, index chunk 2/4.
Building reference seed array...  [0.067s]
Building query seed array...  [0.039s]
Computing hash join...  [0.03s]
Masking low complexity seeds...  [0.031s]
Searching alignments...  [0.152s]
Deallocating memory...  [0s]
Processing query block 1, reference block 1/1, shape 14/16, index chunk 3/4.
Building reference seed array...  [0.485s]
Building query seed array...  [0.046s]
Building query seed array...  [0.037s]
Computing hash join...  [0.047s]
Computing hash join...  [0.042s]
Masking low complexity seeds...  [0.027s]
Searching alignments...  [0.101s]
Masking low complexity seeds...  [0.028s]
Searching alignments...  [0.119s]
Deallocating memory...  [0s]
Processing query block 1, reference block 1/1, shape 14/16, index chunk 4/4.
Building reference seed array...  [0.053s]
Building query seed array...  [0.04s]
Computing hash join...  [0.039s]
Masking low complexity seeds...  [0.031s]
Searching alignments...  [0.314s]
Deallocating memory...  [0s]
Processing query block 1, reference block 1/1, shape 3/16, index chunk 4/4.
Building reference seed array...  [0.109s]
Deallocating memory...  [0s]
Processing query block 1, reference block 1/1, shape 15/16, index chunk 1/4.
Building reference seed array...  [0.067s]
Building query seed array...  [0.04s]
Computing hash join...  [0.027s]
Masking low complexity seeds...  [0.027s]
Searching alignments...  [0.147s]
Deallocating memory...  [0s]
Processing query block 1, reference block 1/1, shape 15/16, index chunk 2/4.
Building reference seed array...  [0.066s]
Building query seed array...  [0.036s]
Computing hash join...  [0.469s]
Building query seed array...  [0.021s]
Masking low complexity seeds...  [0.036s]
Computing hash join...  [0.028s]
Searching alignments...  [0.097s]
Masking low complexity seeds...  [0.021s]
Searching alignments...  [0.144s]
Deallocating memory...  [0s]
Processing query block 1, reference block 1/1, shape 15/16, index chunk 3/4.
Building reference seed array...  [0.058s]
Building query seed array...  [0.048s]
Computing hash join...  [0.032s]
Masking low complexity seeds...  [0.031s]
Searching alignments...  [0.298s]
Deallocating memory...  [0s]
Processing query block 1, reference block 1/1, shape 4/16, index chunk 1/4.
Building reference seed array...  [0.101s]
Deallocating memory...  [0s]
Processing query block 1, reference block 1/1, shape 15/16, index chunk 4/4.
Building reference seed array...  [0.063s]
Building query seed array...  [0.04s]
Computing hash join...  [0.039s]
Masking low complexity seeds...  [0.031s]
Searching alignments...  [0.161s]
Deallocating memory...  [0s]
Processing query block 1, reference block 1/1, shape 16/16, index chunk 1/4.
Building reference seed array...  [0.063s]
Building query seed array...  [0.028s]
Computing hash join...  [0.441s]
Building query seed array...  [0.03s]
Masking low complexity seeds...  [0.038s]
Computing hash join...  [0.016s]
Searching alignments...  [0.1s]
Masking low complexity seeds...  [0.108s]
Deallocating memory...  [0s]
Processing query block 1, reference block 1/1, shape 16/16, index chunk 2/4.
Building reference seed array...  [0.027s]
Searching alignments...  [0.057s]
Building query seed array...  [0.04s]
Computing hash join...  [0.034s]
Masking low complexity seeds...  [0.031s]
Searching alignments...  [0.121s]
Deallocating memory...  [0s]
Processing query block 1, reference block 1/1, shape 16/16, index chunk 3/4.
Building reference seed array...  [0.32s]
Deallocating memory...  [0s]
Processing query block 1, reference block 1/1, shape 4/16, index chunk 2/4.
Building reference seed array...  [0.054s]
Building query seed array...  [0.04s]
Computing hash join...  [0.023s]
Masking low complexity seeds...  [0.032s]
Searching alignments...  [0.142s]
Deallocating memory...  [0s]
Processing query block 1, reference block 1/1, shape 16/16, index chunk 4/4.
Building reference seed array...  [0.061s]
Building query seed array...  [0.04s]
Computing hash join...  [0.027s]
Masking low complexity seeds...  [0.027s]
Searching alignments...  [0.486s]
Building query seed array...  [0.037s]
Computing hash join...  [0.163s]
Deallocating memory...  [0s]
Deallocating buffers...  [0.006s]
Clearing query masking...  [0.001s]
Computing alignments...  [0.082s]
Masking low complexity seeds...  [0.023s]
Searching alignments... Loading trace points...  [0.434s]
Deallocating memory...  [0s]
Processing query block 1, reference block 1/1, shape 4/16, index chunk 3/4.
Building reference seed array...  [0.78s]
Sorting trace points...  [0.418s]
Building query seed array...  [0.043s]
Computing hash join...  [0.089s]
Computing alignments...  [0.083s]
Masking low complexity seeds...  [0.031s]
Searching alignments...  [0.338s]
Deallocating memory...  [0s]
Processing query block 1, reference block 1/1, shape 4/16, index chunk 4/4.
Building reference seed array...  [0.531s]
Building query seed array...  [0.041s]
Computing hash join...  [0.099s]
Masking low complexity seeds...  [0.023s]
Searching alignments...  [0.341s]
Deallocating memory...  [0s]
Processing query block 1, reference block 1/1, shape 5/16, index chunk 1/4.
Building reference seed array...  [0.479s]
Building query seed array...  [0.038s]
Computing hash join...  [0.103s]
Masking low complexity seeds...  [0.032s]
Searching alignments...  [0.357s]
Deallocating memory...  [0s]
Processing query block 1, reference block 1/1, shape 5/16, index chunk 2/4.
Building reference seed array...  [0.525s]
Building query seed array...  [0.041s]
Computing hash join...  [0.095s]
Masking low complexity seeds...  [0.03s]
Searching alignments...  [0.343s]
Deallocating memory...  [0s]
Processing query block 1, reference block 1/1, shape 5/16, index chunk 3/4.
Building reference seed array...  [0.558s]
Building query seed array...  [0.043s]
Computing hash join...  [0.091s]
Masking low complexity seeds...  [0.038s]
Searching alignments...  [0.338s]
Deallocating memory...  [0s]
Processing query block 1, reference block 1/1, shape 5/16, index chunk 4/4.
Building reference seed array...  [0.511s]
Building query seed array...  [0.041s]
Computing hash join...  [0.106s]
Masking low complexity seeds...  [0.037s]
Searching alignments...  [0.345s]
Deallocating memory...  [0s]
Processing query block 1, reference block 1/1, shape 6/16, index chunk 1/4.
Building reference seed array...  [0.475s]
Building query seed array...  [0.045s]
Computing hash join...  [0.095s]
Masking low complexity seeds...  [0.028s]
Searching alignments...  [0.34s]
Deallocating memory...  [0s]
Processing query block 1, reference block 1/1, shape 6/16, index chunk 2/4.
Building reference seed array...  [0.537s]
Building query seed array...  [0.044s]
Computing hash join...  [0.101s]
Masking low complexity seeds...  [0.03s]
Searching alignments...  [0.326s]
Deallocating memory...  [0s]
Processing query block 1, reference block 1/1, shape 6/16, index chunk 3/4.
Building reference seed array...  [0.529s]
Building query seed array...  [0.043s]
Computing hash join...  [0.1s]
Masking low complexity seeds...  [0.031s]
Searching alignments...  [0.358s]
Deallocating memory...  [0s]
Processing query block 1, reference block 1/1, shape 6/16, index chunk 4/4.
Building reference seed array...  [0.525s]
Building query seed array...  [0.038s]
Computing hash join...  [0.108s]
Masking low complexity seeds...  [0.03s]
Searching alignments...  [0.383s]
Deallocating memory...  [0s]
Processing query block 1, reference block 1/1, shape 7/16, index chunk 1/4.
Building reference seed array...  [0.52s]
Building query seed array...  [0.038s]
Computing hash join...  [0.094s]
Masking low complexity seeds...  [0.048s]
Searching alignments...  [0.33s]
Deallocating memory...  [0s]
Processing query block 1, reference block 1/1, shape 7/16, index chunk 2/4.
Building reference seed array...  [0.518s]
Building query seed array...  [0.038s]
Computing hash join...  [0.086s]
Masking low complexity seeds...  [0.032s]
Searching alignments...  [0.31s]
Deallocating memory...  [0s]
Processing query block 1, reference block 1/1, shape 7/16, index chunk 3/4.
Building reference seed array...  [0.544s]
Building query seed array...  [0.041s]
Computing hash join...  [0.075s]
Masking low complexity seeds...  [0.015s]
Searching alignments...  [12.621s]
Deallocating buffers...  [0.043s]
Loading trace points...  [0s]
 [13.613s]
Deallocating reference...  [0.001s]
Loading reference sequences...  [0s]
Deallocating buffers...  [0s]
Deallocating queries...  [0.025s]
Loading query sequences...  [0s]
Closing the input file...  [0s]
Closing the output file...  [0.031s]
Closing the database...  [0.002s]
Cleaning up...  [0s]
Total time = 34.36s
Reported 291584 pairwise alignments, 291584 HSPs.
21819 queries aligned.
 [0.266s]
Deallocating memory...  [0s]
Processing query block 1, reference block 1/1, shape 7/16, index chunk 4/4.
Building reference seed array...  [0.37s]
Building query seed array...  [0.03s]
Computing hash join...  [0.1s]
Masking low complexity seeds...  [0.014s]
Searching alignments...  [0.259s]
Deallocating memory...  [0s]
Processing query block 1, reference block 1/1, shape 8/16, index chunk 1/4.
Building reference seed array...  [0.373s]
Building query seed array...  [0.033s]
Computing hash join...  [0.086s]
Masking low complexity seeds...  [0.023s]
Searching alignments...  [0.292s]
Deallocating memory...  [0s]
Processing query block 1, reference block 1/1, shape 8/16, index chunk 2/4.
Building reference seed array...  [0.408s]
Building query seed array...  [0.034s]
Computing hash join...  [0.091s]
Masking low complexity seeds...  [0.031s]
Searching alignments...  [0.301s]
Deallocating memory...  [0s]
Processing query block 1, reference block 1/1, shape 8/16, index chunk 3/4.
Building reference seed array...  [0.417s]
Building query seed array...  [0.04s]
Computing hash join...  [36.939s]
Algorithm: Query-indexed
Building query histograms...  [0.086s]
Masking low complexity seeds...  [0.027s]
Searching alignments...  [0.301s]
Deallocating memory...  [0s]
Processing query block 1, reference block 1/1, shape 8/16, index chunk 4/4.
Building reference seed array...  [0.707s]
Seeking in database...  [0s]
Loading reference sequences...  [0.421s]
Building query seed array...  [0.028s]
Computing hash join...  [0.081s]
Masking low complexity seeds...  [0.021s]
Searching alignments...  [0.312s]
Deallocating memory...  [0s]
Processing query block 1, reference block 1/1, shape 9/16, index chunk 1/4.
Building reference seed array...  [0.381s]
Building query seed array...  [0.037s]
Computing hash join...  [0.09s]
Masking low complexity seeds...  [0.024s]
Searching alignments...  [0.279s]
Deallocating memory...  [0s]
Processing query block 1, reference block 1/1, shape 9/16, index chunk 2/4.
Building reference seed array...  [0.405s]
Building query seed array...  [0.035s]
Computing hash join...  [0.081s]
Masking low complexity seeds...  [0.028s]
Searching alignments...  [0.298s]
Deallocating memory...  [0s]
Processing query block 1, reference block 1/1, shape 9/16, index chunk 3/4.
Building reference seed array...  [0.421s]
Building query seed array...  [0.033s]
Computing hash join...  [0.094s]
Masking low complexity seeds...  [0.016s]
Searching alignments...  [0.301s]
Deallocating memory...  [0s]
Processing query block 1, reference block 1/1, shape 9/16, index chunk 4/4.
Building reference seed array...  [0.377s]
Building query seed array...  [0.035s]
Computing hash join...  [0.082s]
Masking low complexity seeds...  [0.032s]
Searching alignments...  [0.283s]
Deallocating memory...  [0s]
Processing query block 1, reference block 1/1, shape 10/16, index chunk 1/4.
Building reference seed array...  [0.376s]
Building query seed array...  [0.03s]
Computing hash join...  [0.088s]
Masking low complexity seeds...  [0.013s]
Searching alignments...  [0.295s]
Deallocating memory...  [0s]
Processing query block 1, reference block 1/1, shape 10/16, index chunk 2/4.
Building reference seed array...  [0.408s]
Building query seed array...  [0.048s]
Computing hash join...  [0.076s]
Masking low complexity seeds...  [0.024s]
Searching alignments...  [0.266s]
Deallocating memory...  [0s]
Processing query block 1, reference block 1/1, shape 10/16, index chunk 3/4.
Building reference seed array...  [0.42s]
Building query seed array...  [0.033s]
Computing hash join...  [0.088s]
Masking low complexity seeds...  [0.013s]
Searching alignments...  [0.267s]
Deallocating memory...  [0s]
Processing query block 1, reference block 1/1, shape 10/16, index chunk 4/4.
Building reference seed array...  [0.374s]
Building query seed array...  [0.031s]
Computing hash join...  [0.092s]
Masking low complexity seeds...  [0.031s]
Searching alignments...  [0.25s]
Deallocating memory...  [0s]
Processing query block 1, reference block 1/1, shape 11/16, index chunk 1/4.
Building reference seed array...  [0.38s]
Building query seed array...  [0.038s]
Computing hash join...  [0.083s]
Masking low complexity seeds...  [0.032s]
Searching alignments...  [0.274s]
Deallocating memory...  [0s]
Processing query block 1, reference block 1/1, shape 11/16, index chunk 2/4.
Building reference seed array...  [0.407s]
Building query seed array...  [0.032s]
Computing hash join...  [0.082s]
Masking low complexity seeds...  [0.027s]
Searching alignments...  [0.285s]
Deallocating memory...  [0s]
Processing query block 1, reference block 1/1, shape 11/16, index chunk 3/4.
Building reference seed array...  [0.409s]
Building query seed array...  [0.04s]
Computing hash join...  [0.082s]
Masking low complexity seeds...  [0.031s]
Searching alignments...  [0.27s]
Deallocating memory...  [0s]
Processing query block 1, reference block 1/1, shape 11/16, index chunk 4/4.
Building reference seed array...  [0.372s]
Building query seed array...  [0.041s]
Computing hash join...  [0.088s]
Masking low complexity seeds...  [0.027s]
Searching alignments...  [0.298s]
Deallocating memory...  [0s]
Processing query block 1, reference block 1/1, shape 12/16, index chunk 1/4.
Building reference seed array...  [0.391s]
Building query seed array...  [0.031s]
Computing hash join...  [0.098s]
Masking low complexity seeds...  [0.016s]
Searching alignments...  [0.278s]
Deallocating memory...  [0s]
Processing query block 1, reference block 1/1, shape 12/16, index chunk 2/4.
Building reference seed array...  [11.488s]
Initializing dictionary...  [0.06s]
Initializing temporary storage...  [0s]
Building reference histograms...  [0.429s]
Building query seed array...  [0.045s]
Computing hash join...  [0.106s]
Masking low complexity seeds...  [0.031s]
Searching alignments...  [0.333s]
Deallocating memory...  [0s]
Processing query block 1, reference block 1/1, shape 12/16, index chunk 3/4.
Building reference seed array...  [0.561s]
Building query seed array...  [0.042s]
Computing hash join...  [0.102s]
Masking low complexity seeds...  [0.031s]
Searching alignments...  [0.333s]
Deallocating memory...  [0s]
Processing query block 1, reference block 1/1, shape 12/16, index chunk 4/4.
Building reference seed array...  [0.5s]
Building query seed array...  [0.04s]
Computing hash join...  [0.102s]
Masking low complexity seeds...  [0.028s]
Searching alignments...  [0.338s]
Deallocating memory...  [0s]
Processing query block 1, reference block 1/1, shape 13/16, index chunk 1/4.
Building reference seed array...  [0.505s]
Building query seed array...  [0.045s]
Computing hash join...  [0.091s]
Masking low complexity seeds...  [0.03s]
Searching alignments...  [0.286s]
Deallocating memory...  [0s]
Processing query block 1, reference block 1/1, shape 13/16, index chunk 2/4.
Building reference seed array...  [0.402s]
Building query seed array...  [0.036s]
Computing hash join...  [0.087s]
Masking low complexity seeds...  [0.026s]
Searching alignments...  [0.311s]
Deallocating memory...  [0s]
Processing query block 1, reference block 1/1, shape 13/16, index chunk 3/4.
Building reference seed array...  [0.542s]
Building query seed array...  [0.048s]
Computing hash join...  [0.099s]
Masking low complexity seeds...  [0.03s]
Searching alignments...  [0.309s]
Deallocating memory...  [0s]
Processing query block 1, reference block 1/1, shape 13/16, index chunk 4/4.
Building reference seed array...  [0.476s]
Building query seed array...  [0.036s]
Computing hash join...  [0.093s]
Masking low complexity seeds...  [0.02s]
Searching alignments...  [0.369s]
Deallocating memory...  [0s]
Processing query block 1, reference block 1/1, shape 14/16, index chunk 1/4.
Building reference seed array...  [0.539s]
Building query seed array...  [0.08s]
Computing hash join...  [0.124s]
Masking low complexity seeds...  [0.048s]
Searching alignments...  [0.349s]
Deallocating memory...  [0s]
Processing query block 1, reference block 1/1, shape 14/16, index chunk 2/4.
Building reference seed array...  [0.503s]
Building query seed array...  [0.038s]
Computing hash join...  [0.088s]
Masking low complexity seeds...  [0.021s]
Searching alignments...  [0.313s]
Deallocating memory...  [0s]
Processing query block 1, reference block 1/1, shape 14/16, index chunk 3/4.
Building reference seed array...  [0.473s]
Building query seed array...  [0.067s]
Computing hash join...  [0.131s]
Masking low complexity seeds...  [0.043s]
Searching alignments...  [0.434s]
Deallocating memory...  [0s]
Processing query block 1, reference block 1/1, shape 14/16, index chunk 4/4.
Building reference seed array...  [0.555s]
Building query seed array...  [0.054s]
Computing hash join...  [0.115s]
Masking low complexity seeds...  [0.039s]
Searching alignments...  [0.402s]
Deallocating memory...  [0s]
Processing query block 1, reference block 1/1, shape 15/16, index chunk 1/4.
Building reference seed array...  [0.547s]
Building query seed array...  [0.057s]
Computing hash join...  [0.13s]
Masking low complexity seeds...  [0.037s]
Searching alignments...  [0.476s]
Deallocating memory...  [0s]
Processing query block 1, reference block 1/1, shape 15/16, index chunk 2/4.
Building reference seed array...  [0.328s]
Building query seed array...  [0.036s]
Computing hash join...  [0.081s]
Masking low complexity seeds...  [0.029s]
Searching alignments...  [0.242s]
Deallocating memory...  [0s]
Processing query block 1, reference block 1/1, shape 15/16, index chunk 3/4.
Building reference seed array...  [0.343s]
Building query seed array...  [0.031s]
Computing hash join...  [0.064s]
Masking low complexity seeds...  [0.018s]
Searching alignments...  [0.247s]
Deallocating memory...  [0s]
Processing query block 1, reference block 1/1, shape 15/16, index chunk 4/4.
Building reference seed array...  [0.335s]
Building query seed array...  [0.034s]
Computing hash join...  [0.079s]
Masking low complexity seeds...  [0.017s]
Searching alignments...  [0.275s]
Deallocating memory...  [0s]
Processing query block 1, reference block 1/1, shape 16/16, index chunk 1/4.
Building reference seed array...  [0.367s]
Building query seed array...  [0.032s]
Computing hash join...  [0.078s]
Masking low complexity seeds...  [0.028s]
Searching alignments...  [0.232s]
Deallocating memory...  [0s]
Processing query block 1, reference block 1/1, shape 16/16, index chunk 2/4.
Building reference seed array...  [0.363s]
Building query seed array...  [0.033s]
Computing hash join...  [0.079s]
Masking low complexity seeds...  [0.019s]
Searching alignments...  [0.235s]
Deallocating memory...  [0s]
Processing query block 1, reference block 1/1, shape 16/16, index chunk 3/4.
Building reference seed array...  [0.332s]
Building query seed array...  [0.034s]
Computing hash join...  [0.086s]
Masking low complexity seeds...  [0.016s]
Searching alignments...  [0.247s]
Deallocating memory...  [0s]
Processing query block 1, reference block 1/1, shape 16/16, index chunk 4/4.
Building reference seed array...  [0.334s]
Building query seed array...  [0.032s]
Computing hash join...  [0.087s]
Masking low complexity seeds...  [0.022s]
Searching alignments...  [0.234s]
Deallocating memory...  [0s]
Deallocating buffers...  [0.074s]
Clearing query masking...  [0.003s]
Computing alignments... Loading trace points...  [0.887s]
Sorting trace points...  [0.19s]
Computing alignments...  [13.162s]
Deallocating buffers...  [0.057s]
Loading trace points...  [0s]
 [14.48s]
Deallocating reference...  [0.048s]
Loading reference sequences...  [0s]
Deallocating buffers...  [0s]
Deallocating queries...  [0.001s]
Loading query sequences...  [0s]
Closing the input file...  [0s]
Closing the output file...  [0.017s]
Closing the database...  [0.007s]
Cleaning up...  [0s]
Total time = 81.676s
Reported 362089 pairwise alignments, 362089 HSPs.
19436 queries aligned.
 [52.488s]
Allocating buffers...  [0.002s]
Processing query block 1, reference block 1/38, shape 1/16.
Building reference seed array...  [4.082s]
Building query seed array...  [0.048s]
Computing hash join...  [2.189s]
Searching alignments...  [4.821s]
Deallocating memory...  [0s]
Processing query block 1, reference block 1/38, shape 2/16.
Building reference seed array...  [3.78s]
Building query seed array...  [0.049s]
Computing hash join...  [1.313s]
Searching alignments...  [4.454s]
Deallocating memory...  [0s]
Processing query block 1, reference block 1/38, shape 3/16.
Building reference seed array...  [3.794s]
Building query seed array...  [0.048s]
Computing hash join...  [1.315s]
Searching alignments...  [4.41s]
Deallocating memory...  [0s]
Processing query block 1, reference block 1/38, shape 4/16.
Building reference seed array...  [3.816s]
Building query seed array...  [0.05s]
Computing hash join...  [1.656s]
Searching alignments...  [4.427s]
Deallocating memory...  [0s]
Processing query block 1, reference block 1/38, shape 5/16.
Building reference seed array...  [3.833s]
Building query seed array...  [0.049s]
Computing hash join...  [1.334s]
Searching alignments...  [4.537s]
Deallocating memory...  [0s]
Processing query block 1, reference block 1/38, shape 6/16.
Building reference seed array...  [3.587s]
Building query seed array...  [0.045s]
Computing hash join...  [1.323s]
Searching alignments...  [4.372s]
Deallocating memory...  [0s]
Processing query block 1, reference block 1/38, shape 7/16.
Building reference seed array...  [3.733s]
Building query seed array...  [0.044s]
Computing hash join...  [1.292s]
Searching alignments...  [4.219s]
Deallocating memory...  [0s]
Processing query block 1, reference block 1/38, shape 8/16.
Building reference seed array...  [3.667s]
Building query seed array...  [0.056s]
Computing hash join...  [1.357s]
Searching alignments...  [4.706s]
Deallocating memory...  [0s]
Processing query block 1, reference block 1/38, shape 9/16.
Building reference seed array...  [3.571s]
Building query seed array...  [0.043s]
Computing hash join...  [1.322s]
Searching alignments...  [4.39s]
Deallocating memory...  [0s]
Processing query block 1, reference block 1/38, shape 10/16.
Building reference seed array...  [3.645s]
Building query seed array...  [0.048s]
Computing hash join...  [1.312s]
Searching alignments...  [4.267s]
Deallocating memory...  [0s]
Processing query block 1, reference block 1/38, shape 11/16.
Building reference seed array...  [3.255s]
Building query seed array...  [0.045s]
Computing hash join...  [1.291s]
Searching alignments... 